#
# There is insufficient memory for the Java Runtime Environment to continue.
# Native memory allocation (mmap) failed to map 134217728 bytes for G1 virtual space
# Possible reasons:
#   The system is out of physical RAM or swap space
#   The process is running with CompressedOops enabled, and the Java Heap may be blocking the growth of the native heap
# Possible solutions:
#   Reduce memory load on the system
#   Increase physical memory or swap space
#   Check if swap backing store is full
#   Decrease Java heap size (-Xmx/-Xms)
#   Decrease number of Java threads
#   Decrease Java thread stack sizes (-Xss)
#   Set larger code cache with -XX:ReservedCodeCacheSize=
#   JVM is running with Unscaled Compressed Oops mode in which the Java heap is
#     placed in the first 4GB address space. The Java Heap base address is the
#     maximum limit for the native heap growth. Please use -XX:HeapBaseMinAddress
#     to set the Java Heap base and to place the Java Heap above 4GB virtual address.
# This output file may be truncated or incomplete.
#
#  Out of Memory Error (os_windows.cpp:3550), pid=26264, tid=25096
#
# JRE version:  (17.0.7+8) (build )
# Java VM: Java HotSpot(TM) 64-Bit Server VM (17.0.7+8-LTS-224, mixed mode, sharing, tiered, compressed oops, compressed class ptrs, g1 gc, windows-amd64)
# No core dump will be written. Minidumps are not enabled by default on client versions of Windows
#

---------------  S U M M A R Y ------------

Command Line: -Dfile.encoding=UTF-8 -XX:+ShowCodeDetailsInExceptionMessages biblio.Biblio

Host: Intel(R) Core(TM) i5-6300U CPU @ 2.40GHz, 4 cores, 7G,  Windows 10 , 64 bit Build 19041 (10.0.19041.3155)
Time: Sun Sep 10 15:34:42 2023 São Tomé (heure standard) elapsed time: 0.024502 seconds (0d 0h 0m 0s)

---------------  T H R E A D  ---------------

Current thread (0x00000217509ab550):  JavaThread "Unknown thread" [_thread_in_vm, id=25096, stack(0x000000fc2a500000,0x000000fc2a600000)]

Stack: [0x000000fc2a500000,0x000000fc2a600000]
Native frames: (J=compiled Java code, j=interpreted, Vv=VM code, C=native code)
V  [jvm.dll+0x676a4a]
V  [jvm.dll+0x7d74f4]
V  [jvm.dll+0x7d8c9e]
V  [jvm.dll+0x7d9303]
V  [jvm.dll+0x2452c5]
V  [jvm.dll+0x6738f9]
V  [jvm.dll+0x668232]
V  [jvm.dll+0x302826]
V  [jvm.dll+0x309da6]
V  [jvm.dll+0x35952e]
V  [jvm.dll+0x35975f]
V  [jvm.dll+0x2d9a38]
V  [jvm.dll+0x2da9a4]
V  [jvm.dll+0x7a8fb1]
V  [jvm.dll+0x3670e1]
V  [jvm.dll+0x788359]
V  [jvm.dll+0x3ea5ef]
V  [jvm.dll+0x3ec071]
C  [jli.dll+0x5297]
C  [ucrtbase.dll+0x21bb2]
C  [KERNEL32.DLL+0x17614]
C  [ntdll.dll+0x526b1]


---------------  P R O C E S S  ---------------

Threads class SMR info:
_java_thread_list=0x00007ff87c534998, length=0, elements={
}

Java Threads: ( => current thread )

Other Threads:
  0x0000021750a04800 GCTaskThread "GC Thread#0" [stack: 0x000000fc2a600000,0x000000fc2a700000] [id=21672]
  0x0000021750a16ac0 ConcurrentGCThread "G1 Main Marker" [stack: 0x000000fc2a700000,0x000000fc2a800000] [id=23968]
  0x0000021750a17b80 ConcurrentGCThread "G1 Conc#0" [stack: 0x000000fc2a800000,0x000000fc2a900000] [id=8128]

[error occurred during error reporting (printing all threads), id 0xc0000005, EXCEPTION_ACCESS_VIOLATION (0xc0000005) at pc=0x00007ff87bd6a697]

VM state: not at safepoint (not fully initialized)

VM Mutex/Monitor currently owned by a thread:  ([mutex/lock_event])
[0x00000217509a7610] Heap_lock - owner thread: 0x00000217509ab550

Heap address: 0x0000000081a00000, size: 2022 MB, Compressed Oops mode: 32-bit

CDS archive(s) mapped at: [0x0000000000000000-0x0000000000000000-0x0000000000000000), size 0, SharedBaseAddress: 0x0000000800000000, ArchiveRelocationMode: 0.
Narrow klass base: 0x0000000000000000, Narrow klass shift: 0, Narrow klass range: 0x0

GC Precious Log:
<Empty>

Heap:
 garbage-first heap   total 0K, used 0K [0x0000000081a00000, 0x0000000100000000)
  region size 1024K, 0 young (0K), 0 survivors (0K)

[error occurred during error reporting (printing heap information), id 0xc0000005, EXCEPTION_ACCESS_VIOLATION (0xc0000005) at pc=0x00007ff87c1500b9]

GC Heap History (0 events):
No events

Deoptimization events (0 events):
No events

Classes unloaded (0 events):
No events

Classes redefined (0 events):
No events

Internal exceptions (0 events):
No events

VM Operations (0 events):
No events

Events (1 events):
Event: 0.012 Loaded shared library C:\Program Files\Java\jdk-17\bin\java.dll


Dynamic libraries:
0x00007ff6e8dc0000 - 0x00007ff6e8dd0000 	C:\Program Files\Java\jdk-17\bin\javaw.exe
0x00007ff8f1b50000 - 0x00007ff8f1d48000 	C:\Windows\SYSTEM32\ntdll.dll
0x00007ff8f04c0000 - 0x00007ff8f057f000 	C:\Windows\System32\KERNEL32.DLL
0x00007ff8ef720000 - 0x00007ff8efa16000 	C:\Windows\System32\KERNELBASE.dll
0x00007ff8ef3a0000 - 0x00007ff8ef4a0000 	C:\Windows\System32\ucrtbase.dll
0x00007ff8d61c0000 - 0x00007ff8d61db000 	C:\Program Files\Java\jdk-17\bin\VCRUNTIME140.dll
0x00007ff8da5b0000 - 0x00007ff8da5c9000 	C:\Program Files\Java\jdk-17\bin\jli.dll
0x00007ff8efbb0000 - 0x00007ff8efc5f000 	C:\Windows\System32\ADVAPI32.dll
0x00007ff8f1750000 - 0x00007ff8f17ee000 	C:\Windows\System32\msvcrt.dll
0x00007ff8f1090000 - 0x00007ff8f112c000 	C:\Windows\System32\sechost.dll
0x00007ff8f02f0000 - 0x00007ff8f0416000 	C:\Windows\System32\RPCRT4.dll
0x00007ff8f15b0000 - 0x00007ff8f174d000 	C:\Windows\System32\USER32.dll
0x00007ff8ef6f0000 - 0x00007ff8ef712000 	C:\Windows\System32\win32u.dll
0x00007ff8f1360000 - 0x00007ff8f138c000 	C:\Windows\System32\GDI32.dll
0x00007ff8df220000 - 0x00007ff8df4ba000 	C:\Windows\WinSxS\amd64_microsoft.windows.common-controls_6595b64144ccf1df_6.0.19041.1110_none_60b5254171f9507e\COMCTL32.dll
0x00007ff8ef5d0000 - 0x00007ff8ef6e5000 	C:\Windows\System32\gdi32full.dll
0x00007ff8ef530000 - 0x00007ff8ef5cd000 	C:\Windows\System32\msvcp_win.dll
0x00007ff8e58f0000 - 0x00007ff8e58fa000 	C:\Windows\SYSTEM32\VERSION.dll
0x00007ff8f0490000 - 0x00007ff8f04c0000 	C:\Windows\System32\IMM32.DLL
0x00007ff8e71d0000 - 0x00007ff8e71dc000 	C:\Program Files\Java\jdk-17\bin\vcruntime140_1.dll
0x00007ff8bda70000 - 0x00007ff8bdafe000 	C:\Program Files\Java\jdk-17\bin\msvcp140.dll
0x00007ff87ba80000 - 0x00007ff87c65d000 	C:\Program Files\Java\jdk-17\bin\server\jvm.dll
0x00007ff8efe70000 - 0x00007ff8efe78000 	C:\Windows\System32\PSAPI.DLL
0x00007ff8dfc80000 - 0x00007ff8dfca7000 	C:\Windows\SYSTEM32\WINMM.dll
0x00007ff8d6050000 - 0x00007ff8d6059000 	C:\Windows\SYSTEM32\WSOCK32.dll
0x00007ff8f1540000 - 0x00007ff8f15ab000 	C:\Windows\System32\WS2_32.dll
0x00007ff8eda60000 - 0x00007ff8eda72000 	C:\Windows\SYSTEM32\kernel.appcore.dll
0x00007ff8ea440000 - 0x00007ff8ea44a000 	C:\Program Files\Java\jdk-17\bin\jimage.dll
0x00007ff8ecfc0000 - 0x00007ff8ed1a4000 	C:\Windows\SYSTEM32\DBGHELP.DLL
0x00007ff8e6bf0000 - 0x00007ff8e6c24000 	C:\Windows\SYSTEM32\dbgcore.DLL
0x00007ff8ef4a0000 - 0x00007ff8ef522000 	C:\Windows\System32\bcryptPrimitives.dll
0x00007ff8c4a70000 - 0x00007ff8c4a95000 	C:\Program Files\Java\jdk-17\bin\java.dll

dbghelp: loaded successfully - version: 4.0.5 - missing functions: none
symbol engine: initialized successfully - sym options: 0x614 - pdb path: .;C:\Program Files\Java\jdk-17\bin;C:\Windows\SYSTEM32;C:\Windows\WinSxS\amd64_microsoft.windows.common-controls_6595b64144ccf1df_6.0.19041.1110_none_60b5254171f9507e;C:\Program Files\Java\jdk-17\bin\server

VM Arguments:
jvm_args: -Dfile.encoding=UTF-8 -XX:+ShowCodeDetailsInExceptionMessages 
java_command: biblio.Biblio
java_class_path (initial): C:\Users\user\eclipse-workspace\BibliothequeJavaSASYouCode\bin;C:\Users\user\Documents\JDBCPilote\mysql-connector-j-8.1.0\mysql-connector-j-8.1.0.jar
Launcher Type: SUN_STANDARD

[Global flags]
     intx CICompilerCount                          = 3                                         {product} {ergonomic}
     uint ConcGCThreads                            = 1                                         {product} {ergonomic}
     uint G1ConcRefinementThreads                  = 4                                         {product} {ergonomic}
   size_t G1HeapRegionSize                         = 1048576                                   {product} {ergonomic}
    uintx GCDrainStackTargetSize                   = 64                                        {product} {ergonomic}
   size_t InitialHeapSize                          = 134217728                                 {product} {ergonomic}
   size_t MarkStackSize                            = 4194304                                   {product} {ergonomic}
   size_t MaxHeapSize                              = 2120220672                                {product} {ergonomic}
   size_t MinHeapDeltaBytes                        = 1048576                                   {product} {ergonomic}
   size_t MinHeapSize                              = 8388608                                   {product} {ergonomic}
    uintx NonNMethodCodeHeapSize                   = 5832780                                {pd product} {ergonomic}
    uintx NonProfiledCodeHeapSize                  = 122912730                              {pd product} {ergonomic}
    uintx ProfiledCodeHeapSize                     = 122912730                              {pd product} {ergonomic}
    uintx ReservedCodeCacheSize                    = 251658240                              {pd product} {ergonomic}
     bool SegmentedCodeCache                       = true                                      {product} {ergonomic}
     bool ShowCodeDetailsInExceptionMessages       = true                                   {manageable} {command line}
   size_t SoftMaxHeapSize                          = 2120220672                             {manageable} {ergonomic}
     bool UseCompressedClassPointers               = true                           {product lp64_product} {ergonomic}
     bool UseCompressedOops                        = true                           {product lp64_product} {ergonomic}
     bool UseG1GC                                  = true                                      {product} {ergonomic}
     bool UseLargePagesIndividualAllocation        = false                                  {pd product} {ergonomic}

Logging:
Log output configuration:
 #0: stdout all=warning uptime,level,tags
 #1: stderr all=off uptime,level,tags

Environment Variables:
JAVA_HOME=C:\Program Files\Java\jdk-11\bin
PATH=C:/Program Files/Java/jdk-17/bin/server;C:/Program Files/Java/jdk-17/bin;C:\Program Files\Common Files\Oracle\Java\javapath;C:\Windows\system32;C:\Windows;C:\Windows\System32\Wbem;C:\Windows\System32\WindowsPowerShell\v1.0\;C:\Windows\System32\OpenSSH\;C:\Program Files\Git\cmd;C:\Program Files\nodejs\;C:\Program Files\MySQL\MySQL Shell 8.0\bin\;C:\Users\user\AppData\Local\Microsoft\WindowsApps;;C:\Users\user\AppData\Local\Programs\Microsoft VS Code\bin;C:\Users\user\AppData\Roaming\npm;C:\xampp\php;C:\Users\user\AppData\Local\ComposerSetup\bin;C:\Users\user\AppData\Roaming\Composer\vendor\bin;C:\Windows\system32;
USERNAME=user
OS=Windows_NT
PROCESSOR_IDENTIFIER=Intel64 Family 6 Model 78 Stepping 3, GenuineIntel



---------------  S Y S T E M  ---------------

OS:
 Windows 10 , 64 bit Build 19041 (10.0.19041.3155)
OS uptime: 4 days 6:17 hours

CPU: total 4 (initial active 4) (2 cores per cpu, 2 threads per core) family 6 model 78 stepping 3 microcode 0xf0, cx8, cmov, fxsr, ht, mmx, 3dnowpref, sse, sse2, sse3, ssse3, sse4.1, sse4.2, popcnt, lzcnt, tsc, tscinvbit, avx, avx2, aes, erms, clmul, bmi1, bmi2, rtm, adx, fma, vzeroupper, clflush, clflushopt

Memory: 4k page, system-wide physical 8083M (541M free)
TotalPageFile size 32658M (AvailPageFile size 25M)
current process WorkingSet (physical memory assigned to process): 10M, peak: 10M
current process commit charge ("private bytes"): 51M, peak: 179M

vm_info: Java HotSpot(TM) 64-Bit Server VM (17.0.7+8-LTS-224) for windows-amd64 JRE (17.0.7+8-LTS-224), built on Feb 28 2023 23:03:02 by "mach5one" with MS VC++ 17.1 (VS2022)

END.
