#
# There is insufficient memory for the Java Runtime Environment to continue.
# Native memory allocation (malloc) failed to allocate 183936 bytes for Chunk::new
# Possible reasons:
#   The system is out of physical RAM or swap space
#   The process is running with CompressedOops enabled, and the Java Heap may be blocking the growth of the native heap
# Possible solutions:
#   Reduce memory load on the system
#   Increase physical memory or swap space
#   Check if swap backing store is full
#   Decrease Java heap size (-Xmx/-Xms)
#   Decrease number of Java threads
#   Decrease Java thread stack sizes (-Xss)
#   Set larger code cache with -XX:ReservedCodeCacheSize=
#   JVM is running with Unscaled Compressed Oops mode in which the Java heap is
#     placed in the first 4GB address space. The Java Heap base address is the
#     maximum limit for the native heap growth. Please use -XX:HeapBaseMinAddress
#     to set the Java Heap base and to place the Java Heap above 4GB virtual address.
# This output file may be truncated or incomplete.
#
#  Out of Memory Error (arena.cpp:189), pid=7088, tid=14104
#
# JRE version: Java(TM) SE Runtime Environment (17.0.7+8) (build 17.0.7+8-LTS-224)
# Java VM: Java HotSpot(TM) 64-Bit Server VM (17.0.7+8-LTS-224, mixed mode, sharing, tiered, compressed oops, compressed class ptrs, g1 gc, windows-amd64)
# No core dump will be written. Minidumps are not enabled by default on client versions of Windows
#

---------------  S U M M A R Y ------------

Command Line: -Dfile.encoding=UTF-8 -XX:+ShowCodeDetailsInExceptionMessages biblio.Biblio

Host: Intel(R) Core(TM) i5-6300U CPU @ 2.40GHz, 4 cores, 7G,  Windows 10 , 64 bit Build 19041 (10.0.19041.3155)
Time: Tue Sep 12 15:59:56 2023 São Tomé (heure standard) elapsed time: 3.890288 seconds (0d 0h 0m 3s)

---------------  T H R E A D  ---------------

Current thread (0x0000010c229e3ef0):  JavaThread "C2 CompilerThread1" daemon [_thread_in_native, id=14104, stack(0x0000000130b00000,0x0000000130c00000)]


Current CompileTask:
C2:   3890  343 %     4       java.util.Properties$LineReader::readLine @ 53 (584 bytes)

Stack: [0x0000000130b00000,0x0000000130c00000]
Native frames: (J=compiled Java code, j=interpreted, Vv=VM code, C=native code)
V  [jvm.dll+0x676a4a]
V  [jvm.dll+0x7d74f4]
V  [jvm.dll+0x7d8c9e]
V  [jvm.dll+0x7d9303]
V  [jvm.dll+0x2452c5]
V  [jvm.dll+0xaaa2b]
V  [jvm.dll+0xaafcc]
V  [jvm.dll+0x36141e]
V  [jvm.dll+0x1bb36a]
V  [jvm.dll+0x217c27]
V  [jvm.dll+0x216f01]
V  [jvm.dll+0x1a35e0]
V  [jvm.dll+0x226a6e]
V  [jvm.dll+0x224e15]
V  [jvm.dll+0x78d05c]
V  [jvm.dll+0x78759a]
V  [jvm.dll+0x675875]
C  [ucrtbase.dll+0x21bb2]
C  [KERNEL32.DLL+0x17614]
C  [ntdll.dll+0x526b1]


---------------  P R O C E S S  ---------------

Threads class SMR info:
_java_thread_list=0x0000010c22966c90, length=14, elements={
0x0000010c0437b330, 0x0000010c21bd6e80, 0x0000010c21bd7810, 0x0000010c21be75f0,
0x0000010c21be7cc0, 0x0000010c21beb1b0, 0x0000010c21bf2b90, 0x0000010c21bfb450,
0x0000010c21bfc640, 0x0000010c21c0eb40, 0x0000010c228a1760, 0x0000010c228b0900,
0x0000010c22951430, 0x0000010c229e3ef0
}

Java Threads: ( => current thread )
  0x0000010c0437b330 JavaThread "main" [_thread_in_vm, id=8568, stack(0x000000012f700000,0x000000012f800000)]
  0x0000010c21bd6e80 JavaThread "Reference Handler" daemon [_thread_blocked, id=12556, stack(0x000000012fe00000,0x000000012ff00000)]
  0x0000010c21bd7810 JavaThread "Finalizer" daemon [_thread_blocked, id=9000, stack(0x000000012ff00000,0x0000000130000000)]
  0x0000010c21be75f0 JavaThread "Signal Dispatcher" daemon [_thread_blocked, id=6336, stack(0x0000000130000000,0x0000000130100000)]
  0x0000010c21be7cc0 JavaThread "Attach Listener" daemon [_thread_blocked, id=1808, stack(0x0000000130100000,0x0000000130200000)]
  0x0000010c21beb1b0 JavaThread "Service Thread" daemon [_thread_blocked, id=12652, stack(0x0000000130200000,0x0000000130300000)]
  0x0000010c21bf2b90 JavaThread "Monitor Deflation Thread" daemon [_thread_blocked, id=12656, stack(0x0000000130300000,0x0000000130400000)]
  0x0000010c21bfb450 JavaThread "C2 CompilerThread0" daemon [_thread_in_native, id=19784, stack(0x0000000130400000,0x0000000130500000)]
  0x0000010c21bfc640 JavaThread "C1 CompilerThread0" daemon [_thread_in_native, id=26696, stack(0x0000000130500000,0x0000000130600000)]
  0x0000010c21c0eb40 JavaThread "Sweeper thread" daemon [_thread_blocked, id=27092, stack(0x0000000130600000,0x0000000130700000)]
  0x0000010c228a1760 JavaThread "Notification Thread" daemon [_thread_blocked, id=27588, stack(0x0000000130700000,0x0000000130800000)]
  0x0000010c228b0900 JavaThread "Common-Cleaner" daemon [_thread_blocked, id=21180, stack(0x0000000130900000,0x0000000130a00000)]
  0x0000010c22951430 JavaThread "mysql-cj-abandoned-connection-cleanup" daemon [_thread_blocked, id=15660, stack(0x0000000130a00000,0x0000000130b00000)]
=>0x0000010c229e3ef0 JavaThread "C2 CompilerThread1" daemon [_thread_in_native, id=14104, stack(0x0000000130b00000,0x0000000130c00000)]

Other Threads:
  0x0000010c21bd1070 VMThread "VM Thread" [stack: 0x000000012fd00000,0x000000012fe00000] [id=26844]
  0x0000010c043f7a10 WatcherThread [stack: 0x0000000130800000,0x0000000130900000] [id=19960]
  0x0000010c043d9ee0 GCTaskThread "GC Thread#0" [stack: 0x000000012f800000,0x000000012f900000] [id=27212]
  0x0000010c043ea9f0 ConcurrentGCThread "G1 Main Marker" [stack: 0x000000012f900000,0x000000012fa00000] [id=17452]
  0x0000010c043ebab0 ConcurrentGCThread "G1 Conc#0" [stack: 0x000000012fa00000,0x000000012fb00000] [id=22828]
  0x0000010c21a90090 ConcurrentGCThread "G1 Refine#0" [stack: 0x000000012fb00000,0x000000012fc00000] [id=26308]
  0x0000010c21a909e0 ConcurrentGCThread "G1 Service" [stack: 0x000000012fc00000,0x000000012fd00000] [id=16796]

Threads with active compile tasks:
C2 CompilerThread0     3946  341       4       java.util.Properties::loadConvert (540 bytes)
C1 CompilerThread0     3946  378       3       jdk.internal.org.objectweb.asm.Frame::execute (2305 bytes)
C2 CompilerThread1     3946  343 %     4       java.util.Properties$LineReader::readLine @ 53 (584 bytes)

VM state: not at safepoint (normal execution)

VM Mutex/Monitor currently owned by a thread: None

Heap address: 0x0000000081a00000, size: 2022 MB, Compressed Oops mode: 32-bit

CDS archive(s) mapped at: [0x0000000800000000-0x0000000800bd0000-0x0000000800bd0000), size 12386304, SharedBaseAddress: 0x0000000800000000, ArchiveRelocationMode: 0.
Compressed class space mapped at: 0x0000000800c00000-0x0000000840c00000, reserved size: 1073741824
Narrow klass base: 0x0000000800000000, Narrow klass shift: 0, Narrow klass range: 0x100000000

GC Precious Log:
 CPUs: 4 total, 4 available
 Memory: 8083M
 Large Page Support: Disabled
 NUMA Support: Disabled
 Compressed Oops: Enabled (32-bit)
 Heap Region Size: 1M
 Heap Min Capacity: 8M
 Heap Initial Capacity: 128M
 Heap Max Capacity: 2022M
 Pre-touch: Disabled
 Parallel Workers: 4
 Concurrent Workers: 1
 Concurrent Refinement Workers: 4
 Periodic GC: Disabled

Heap:
 garbage-first heap   total 131072K, used 4096K [0x0000000081a00000, 0x0000000100000000)
  region size 1024K, 5 young (5120K), 0 survivors (0K)
 Metaspace       used 1983K, committed 2176K, reserved 1056768K
  class space    used 173K, committed 256K, reserved 1048576K

Heap Regions: E=young(eden), S=young(survivor), O=old, HS=humongous(starts), HC=humongous(continues), CS=collection set, F=free, OA=open archive, CA=closed archive, TAMS=top-at-mark-start (previous, next)
|   0|0x0000000081a00000, 0x0000000081a00000, 0x0000000081b00000|  0%| F|  |TAMS 0x0000000081a00000, 0x0000000081a00000| Untracked 
|   1|0x0000000081b00000, 0x0000000081b00000, 0x0000000081c00000|  0%| F|  |TAMS 0x0000000081b00000, 0x0000000081b00000| Untracked 
|   2|0x0000000081c00000, 0x0000000081c00000, 0x0000000081d00000|  0%| F|  |TAMS 0x0000000081c00000, 0x0000000081c00000| Untracked 
|   3|0x0000000081d00000, 0x0000000081d00000, 0x0000000081e00000|  0%| F|  |TAMS 0x0000000081d00000, 0x0000000081d00000| Untracked 
|   4|0x0000000081e00000, 0x0000000081e00000, 0x0000000081f00000|  0%| F|  |TAMS 0x0000000081e00000, 0x0000000081e00000| Untracked 
|   5|0x0000000081f00000, 0x0000000081f00000, 0x0000000082000000|  0%| F|  |TAMS 0x0000000081f00000, 0x0000000081f00000| Untracked 
|   6|0x0000000082000000, 0x0000000082000000, 0x0000000082100000|  0%| F|  |TAMS 0x0000000082000000, 0x0000000082000000| Untracked 
|   7|0x0000000082100000, 0x0000000082100000, 0x0000000082200000|  0%| F|  |TAMS 0x0000000082100000, 0x0000000082100000| Untracked 
|   8|0x0000000082200000, 0x0000000082200000, 0x0000000082300000|  0%| F|  |TAMS 0x0000000082200000, 0x0000000082200000| Untracked 
|   9|0x0000000082300000, 0x0000000082300000, 0x0000000082400000|  0%| F|  |TAMS 0x0000000082300000, 0x0000000082300000| Untracked 
|  10|0x0000000082400000, 0x0000000082400000, 0x0000000082500000|  0%| F|  |TAMS 0x0000000082400000, 0x0000000082400000| Untracked 
|  11|0x0000000082500000, 0x0000000082500000, 0x0000000082600000|  0%| F|  |TAMS 0x0000000082500000, 0x0000000082500000| Untracked 
|  12|0x0000000082600000, 0x0000000082600000, 0x0000000082700000|  0%| F|  |TAMS 0x0000000082600000, 0x0000000082600000| Untracked 
|  13|0x0000000082700000, 0x0000000082700000, 0x0000000082800000|  0%| F|  |TAMS 0x0000000082700000, 0x0000000082700000| Untracked 
|  14|0x0000000082800000, 0x0000000082800000, 0x0000000082900000|  0%| F|  |TAMS 0x0000000082800000, 0x0000000082800000| Untracked 
|  15|0x0000000082900000, 0x0000000082900000, 0x0000000082a00000|  0%| F|  |TAMS 0x0000000082900000, 0x0000000082900000| Untracked 
|  16|0x0000000082a00000, 0x0000000082a00000, 0x0000000082b00000|  0%| F|  |TAMS 0x0000000082a00000, 0x0000000082a00000| Untracked 
|  17|0x0000000082b00000, 0x0000000082b00000, 0x0000000082c00000|  0%| F|  |TAMS 0x0000000082b00000, 0x0000000082b00000| Untracked 
|  18|0x0000000082c00000, 0x0000000082c00000, 0x0000000082d00000|  0%| F|  |TAMS 0x0000000082c00000, 0x0000000082c00000| Untracked 
|  19|0x0000000082d00000, 0x0000000082d00000, 0x0000000082e00000|  0%| F|  |TAMS 0x0000000082d00000, 0x0000000082d00000| Untracked 
|  20|0x0000000082e00000, 0x0000000082e00000, 0x0000000082f00000|  0%| F|  |TAMS 0x0000000082e00000, 0x0000000082e00000| Untracked 
|  21|0x0000000082f00000, 0x0000000082f00000, 0x0000000083000000|  0%| F|  |TAMS 0x0000000082f00000, 0x0000000082f00000| Untracked 
|  22|0x0000000083000000, 0x0000000083000000, 0x0000000083100000|  0%| F|  |TAMS 0x0000000083000000, 0x0000000083000000| Untracked 
|  23|0x0000000083100000, 0x0000000083100000, 0x0000000083200000|  0%| F|  |TAMS 0x0000000083100000, 0x0000000083100000| Untracked 
|  24|0x0000000083200000, 0x0000000083200000, 0x0000000083300000|  0%| F|  |TAMS 0x0000000083200000, 0x0000000083200000| Untracked 
|  25|0x0000000083300000, 0x0000000083300000, 0x0000000083400000|  0%| F|  |TAMS 0x0000000083300000, 0x0000000083300000| Untracked 
|  26|0x0000000083400000, 0x0000000083400000, 0x0000000083500000|  0%| F|  |TAMS 0x0000000083400000, 0x0000000083400000| Untracked 
|  27|0x0000000083500000, 0x0000000083500000, 0x0000000083600000|  0%| F|  |TAMS 0x0000000083500000, 0x0000000083500000| Untracked 
|  28|0x0000000083600000, 0x0000000083600000, 0x0000000083700000|  0%| F|  |TAMS 0x0000000083600000, 0x0000000083600000| Untracked 
|  29|0x0000000083700000, 0x0000000083700000, 0x0000000083800000|  0%| F|  |TAMS 0x0000000083700000, 0x0000000083700000| Untracked 
|  30|0x0000000083800000, 0x0000000083800000, 0x0000000083900000|  0%| F|  |TAMS 0x0000000083800000, 0x0000000083800000| Untracked 
|  31|0x0000000083900000, 0x0000000083900000, 0x0000000083a00000|  0%| F|  |TAMS 0x0000000083900000, 0x0000000083900000| Untracked 
|  32|0x0000000083a00000, 0x0000000083a00000, 0x0000000083b00000|  0%| F|  |TAMS 0x0000000083a00000, 0x0000000083a00000| Untracked 
|  33|0x0000000083b00000, 0x0000000083b00000, 0x0000000083c00000|  0%| F|  |TAMS 0x0000000083b00000, 0x0000000083b00000| Untracked 
|  34|0x0000000083c00000, 0x0000000083c00000, 0x0000000083d00000|  0%| F|  |TAMS 0x0000000083c00000, 0x0000000083c00000| Untracked 
|  35|0x0000000083d00000, 0x0000000083d00000, 0x0000000083e00000|  0%| F|  |TAMS 0x0000000083d00000, 0x0000000083d00000| Untracked 
|  36|0x0000000083e00000, 0x0000000083e00000, 0x0000000083f00000|  0%| F|  |TAMS 0x0000000083e00000, 0x0000000083e00000| Untracked 
|  37|0x0000000083f00000, 0x0000000083f00000, 0x0000000084000000|  0%| F|  |TAMS 0x0000000083f00000, 0x0000000083f00000| Untracked 
|  38|0x0000000084000000, 0x0000000084000000, 0x0000000084100000|  0%| F|  |TAMS 0x0000000084000000, 0x0000000084000000| Untracked 
|  39|0x0000000084100000, 0x0000000084100000, 0x0000000084200000|  0%| F|  |TAMS 0x0000000084100000, 0x0000000084100000| Untracked 
|  40|0x0000000084200000, 0x0000000084200000, 0x0000000084300000|  0%| F|  |TAMS 0x0000000084200000, 0x0000000084200000| Untracked 
|  41|0x0000000084300000, 0x0000000084300000, 0x0000000084400000|  0%| F|  |TAMS 0x0000000084300000, 0x0000000084300000| Untracked 
|  42|0x0000000084400000, 0x0000000084400000, 0x0000000084500000|  0%| F|  |TAMS 0x0000000084400000, 0x0000000084400000| Untracked 
|  43|0x0000000084500000, 0x0000000084500000, 0x0000000084600000|  0%| F|  |TAMS 0x0000000084500000, 0x0000000084500000| Untracked 
|  44|0x0000000084600000, 0x0000000084600000, 0x0000000084700000|  0%| F|  |TAMS 0x0000000084600000, 0x0000000084600000| Untracked 
|  45|0x0000000084700000, 0x0000000084700000, 0x0000000084800000|  0%| F|  |TAMS 0x0000000084700000, 0x0000000084700000| Untracked 
|  46|0x0000000084800000, 0x0000000084800000, 0x0000000084900000|  0%| F|  |TAMS 0x0000000084800000, 0x0000000084800000| Untracked 
|  47|0x0000000084900000, 0x0000000084900000, 0x0000000084a00000|  0%| F|  |TAMS 0x0000000084900000, 0x0000000084900000| Untracked 
|  48|0x0000000084a00000, 0x0000000084a00000, 0x0000000084b00000|  0%| F|  |TAMS 0x0000000084a00000, 0x0000000084a00000| Untracked 
|  49|0x0000000084b00000, 0x0000000084b00000, 0x0000000084c00000|  0%| F|  |TAMS 0x0000000084b00000, 0x0000000084b00000| Untracked 
|  50|0x0000000084c00000, 0x0000000084c00000, 0x0000000084d00000|  0%| F|  |TAMS 0x0000000084c00000, 0x0000000084c00000| Untracked 
|  51|0x0000000084d00000, 0x0000000084d00000, 0x0000000084e00000|  0%| F|  |TAMS 0x0000000084d00000, 0x0000000084d00000| Untracked 
|  52|0x0000000084e00000, 0x0000000084e00000, 0x0000000084f00000|  0%| F|  |TAMS 0x0000000084e00000, 0x0000000084e00000| Untracked 
|  53|0x0000000084f00000, 0x0000000084f00000, 0x0000000085000000|  0%| F|  |TAMS 0x0000000084f00000, 0x0000000084f00000| Untracked 
|  54|0x0000000085000000, 0x0000000085000000, 0x0000000085100000|  0%| F|  |TAMS 0x0000000085000000, 0x0000000085000000| Untracked 
|  55|0x0000000085100000, 0x0000000085100000, 0x0000000085200000|  0%| F|  |TAMS 0x0000000085100000, 0x0000000085100000| Untracked 
|  56|0x0000000085200000, 0x0000000085200000, 0x0000000085300000|  0%| F|  |TAMS 0x0000000085200000, 0x0000000085200000| Untracked 
|  57|0x0000000085300000, 0x0000000085300000, 0x0000000085400000|  0%| F|  |TAMS 0x0000000085300000, 0x0000000085300000| Untracked 
|  58|0x0000000085400000, 0x0000000085400000, 0x0000000085500000|  0%| F|  |TAMS 0x0000000085400000, 0x0000000085400000| Untracked 
|  59|0x0000000085500000, 0x0000000085500000, 0x0000000085600000|  0%| F|  |TAMS 0x0000000085500000, 0x0000000085500000| Untracked 
|  60|0x0000000085600000, 0x0000000085600000, 0x0000000085700000|  0%| F|  |TAMS 0x0000000085600000, 0x0000000085600000| Untracked 
|  61|0x0000000085700000, 0x0000000085700000, 0x0000000085800000|  0%| F|  |TAMS 0x0000000085700000, 0x0000000085700000| Untracked 
|  62|0x0000000085800000, 0x0000000085800000, 0x0000000085900000|  0%| F|  |TAMS 0x0000000085800000, 0x0000000085800000| Untracked 
|  63|0x0000000085900000, 0x0000000085900000, 0x0000000085a00000|  0%| F|  |TAMS 0x0000000085900000, 0x0000000085900000| Untracked 
|  64|0x0000000085a00000, 0x0000000085a00000, 0x0000000085b00000|  0%| F|  |TAMS 0x0000000085a00000, 0x0000000085a00000| Untracked 
|  65|0x0000000085b00000, 0x0000000085b00000, 0x0000000085c00000|  0%| F|  |TAMS 0x0000000085b00000, 0x0000000085b00000| Untracked 
|  66|0x0000000085c00000, 0x0000000085c00000, 0x0000000085d00000|  0%| F|  |TAMS 0x0000000085c00000, 0x0000000085c00000| Untracked 
|  67|0x0000000085d00000, 0x0000000085d00000, 0x0000000085e00000|  0%| F|  |TAMS 0x0000000085d00000, 0x0000000085d00000| Untracked 
|  68|0x0000000085e00000, 0x0000000085e00000, 0x0000000085f00000|  0%| F|  |TAMS 0x0000000085e00000, 0x0000000085e00000| Untracked 
|  69|0x0000000085f00000, 0x0000000085f00000, 0x0000000086000000|  0%| F|  |TAMS 0x0000000085f00000, 0x0000000085f00000| Untracked 
|  70|0x0000000086000000, 0x0000000086000000, 0x0000000086100000|  0%| F|  |TAMS 0x0000000086000000, 0x0000000086000000| Untracked 
|  71|0x0000000086100000, 0x0000000086100000, 0x0000000086200000|  0%| F|  |TAMS 0x0000000086100000, 0x0000000086100000| Untracked 
|  72|0x0000000086200000, 0x0000000086200000, 0x0000000086300000|  0%| F|  |TAMS 0x0000000086200000, 0x0000000086200000| Untracked 
|  73|0x0000000086300000, 0x0000000086300000, 0x0000000086400000|  0%| F|  |TAMS 0x0000000086300000, 0x0000000086300000| Untracked 
|  74|0x0000000086400000, 0x0000000086400000, 0x0000000086500000|  0%| F|  |TAMS 0x0000000086400000, 0x0000000086400000| Untracked 
|  75|0x0000000086500000, 0x0000000086500000, 0x0000000086600000|  0%| F|  |TAMS 0x0000000086500000, 0x0000000086500000| Untracked 
|  76|0x0000000086600000, 0x0000000086600000, 0x0000000086700000|  0%| F|  |TAMS 0x0000000086600000, 0x0000000086600000| Untracked 
|  77|0x0000000086700000, 0x0000000086700000, 0x0000000086800000|  0%| F|  |TAMS 0x0000000086700000, 0x0000000086700000| Untracked 
|  78|0x0000000086800000, 0x0000000086800000, 0x0000000086900000|  0%| F|  |TAMS 0x0000000086800000, 0x0000000086800000| Untracked 
|  79|0x0000000086900000, 0x0000000086900000, 0x0000000086a00000|  0%| F|  |TAMS 0x0000000086900000, 0x0000000086900000| Untracked 
|  80|0x0000000086a00000, 0x0000000086a00000, 0x0000000086b00000|  0%| F|  |TAMS 0x0000000086a00000, 0x0000000086a00000| Untracked 
|  81|0x0000000086b00000, 0x0000000086b00000, 0x0000000086c00000|  0%| F|  |TAMS 0x0000000086b00000, 0x0000000086b00000| Untracked 
|  82|0x0000000086c00000, 0x0000000086c00000, 0x0000000086d00000|  0%| F|  |TAMS 0x0000000086c00000, 0x0000000086c00000| Untracked 
|  83|0x0000000086d00000, 0x0000000086d00000, 0x0000000086e00000|  0%| F|  |TAMS 0x0000000086d00000, 0x0000000086d00000| Untracked 
|  84|0x0000000086e00000, 0x0000000086e00000, 0x0000000086f00000|  0%| F|  |TAMS 0x0000000086e00000, 0x0000000086e00000| Untracked 
|  85|0x0000000086f00000, 0x0000000086f00000, 0x0000000087000000|  0%| F|  |TAMS 0x0000000086f00000, 0x0000000086f00000| Untracked 
|  86|0x0000000087000000, 0x0000000087000000, 0x0000000087100000|  0%| F|  |TAMS 0x0000000087000000, 0x0000000087000000| Untracked 
|  87|0x0000000087100000, 0x0000000087100000, 0x0000000087200000|  0%| F|  |TAMS 0x0000000087100000, 0x0000000087100000| Untracked 
|  88|0x0000000087200000, 0x0000000087200000, 0x0000000087300000|  0%| F|  |TAMS 0x0000000087200000, 0x0000000087200000| Untracked 
|  89|0x0000000087300000, 0x0000000087300000, 0x0000000087400000|  0%| F|  |TAMS 0x0000000087300000, 0x0000000087300000| Untracked 
|  90|0x0000000087400000, 0x0000000087400000, 0x0000000087500000|  0%| F|  |TAMS 0x0000000087400000, 0x0000000087400000| Untracked 
|  91|0x0000000087500000, 0x0000000087500000, 0x0000000087600000|  0%| F|  |TAMS 0x0000000087500000, 0x0000000087500000| Untracked 
|  92|0x0000000087600000, 0x0000000087600000, 0x0000000087700000|  0%| F|  |TAMS 0x0000000087600000, 0x0000000087600000| Untracked 
|  93|0x0000000087700000, 0x0000000087700000, 0x0000000087800000|  0%| F|  |TAMS 0x0000000087700000, 0x0000000087700000| Untracked 
|  94|0x0000000087800000, 0x0000000087800000, 0x0000000087900000|  0%| F|  |TAMS 0x0000000087800000, 0x0000000087800000| Untracked 
|  95|0x0000000087900000, 0x0000000087900000, 0x0000000087a00000|  0%| F|  |TAMS 0x0000000087900000, 0x0000000087900000| Untracked 
|  96|0x0000000087a00000, 0x0000000087a00000, 0x0000000087b00000|  0%| F|  |TAMS 0x0000000087a00000, 0x0000000087a00000| Untracked 
|  97|0x0000000087b00000, 0x0000000087b00000, 0x0000000087c00000|  0%| F|  |TAMS 0x0000000087b00000, 0x0000000087b00000| Untracked 
|  98|0x0000000087c00000, 0x0000000087c00000, 0x0000000087d00000|  0%| F|  |TAMS 0x0000000087c00000, 0x0000000087c00000| Untracked 
|  99|0x0000000087d00000, 0x0000000087d00000, 0x0000000087e00000|  0%| F|  |TAMS 0x0000000087d00000, 0x0000000087d00000| Untracked 
| 100|0x0000000087e00000, 0x0000000087e00000, 0x0000000087f00000|  0%| F|  |TAMS 0x0000000087e00000, 0x0000000087e00000| Untracked 
| 101|0x0000000087f00000, 0x0000000087f00000, 0x0000000088000000|  0%| F|  |TAMS 0x0000000087f00000, 0x0000000087f00000| Untracked 
| 102|0x0000000088000000, 0x0000000088000000, 0x0000000088100000|  0%| F|  |TAMS 0x0000000088000000, 0x0000000088000000| Untracked 
| 103|0x0000000088100000, 0x0000000088100000, 0x0000000088200000|  0%| F|  |TAMS 0x0000000088100000, 0x0000000088100000| Untracked 
| 104|0x0000000088200000, 0x0000000088200000, 0x0000000088300000|  0%| F|  |TAMS 0x0000000088200000, 0x0000000088200000| Untracked 
| 105|0x0000000088300000, 0x0000000088300000, 0x0000000088400000|  0%| F|  |TAMS 0x0000000088300000, 0x0000000088300000| Untracked 
| 106|0x0000000088400000, 0x0000000088400000, 0x0000000088500000|  0%| F|  |TAMS 0x0000000088400000, 0x0000000088400000| Untracked 
| 107|0x0000000088500000, 0x0000000088500000, 0x0000000088600000|  0%| F|  |TAMS 0x0000000088500000, 0x0000000088500000| Untracked 
| 108|0x0000000088600000, 0x0000000088600000, 0x0000000088700000|  0%| F|  |TAMS 0x0000000088600000, 0x0000000088600000| Untracked 
| 109|0x0000000088700000, 0x0000000088700000, 0x0000000088800000|  0%| F|  |TAMS 0x0000000088700000, 0x0000000088700000| Untracked 
| 110|0x0000000088800000, 0x0000000088800000, 0x0000000088900000|  0%| F|  |TAMS 0x0000000088800000, 0x0000000088800000| Untracked 
| 111|0x0000000088900000, 0x0000000088900000, 0x0000000088a00000|  0%| F|  |TAMS 0x0000000088900000, 0x0000000088900000| Untracked 
| 112|0x0000000088a00000, 0x0000000088a00000, 0x0000000088b00000|  0%| F|  |TAMS 0x0000000088a00000, 0x0000000088a00000| Untracked 
| 113|0x0000000088b00000, 0x0000000088b00000, 0x0000000088c00000|  0%| F|  |TAMS 0x0000000088b00000, 0x0000000088b00000| Untracked 
| 114|0x0000000088c00000, 0x0000000088c00000, 0x0000000088d00000|  0%| F|  |TAMS 0x0000000088c00000, 0x0000000088c00000| Untracked 
| 115|0x0000000088d00000, 0x0000000088d00000, 0x0000000088e00000|  0%| F|  |TAMS 0x0000000088d00000, 0x0000000088d00000| Untracked 
| 116|0x0000000088e00000, 0x0000000088e00000, 0x0000000088f00000|  0%| F|  |TAMS 0x0000000088e00000, 0x0000000088e00000| Untracked 
| 117|0x0000000088f00000, 0x0000000088f00000, 0x0000000089000000|  0%| F|  |TAMS 0x0000000088f00000, 0x0000000088f00000| Untracked 
| 118|0x0000000089000000, 0x0000000089000000, 0x0000000089100000|  0%| F|  |TAMS 0x0000000089000000, 0x0000000089000000| Untracked 
| 119|0x0000000089100000, 0x0000000089100000, 0x0000000089200000|  0%| F|  |TAMS 0x0000000089100000, 0x0000000089100000| Untracked 
| 120|0x0000000089200000, 0x0000000089200000, 0x0000000089300000|  0%| F|  |TAMS 0x0000000089200000, 0x0000000089200000| Untracked 
| 121|0x0000000089300000, 0x0000000089300000, 0x0000000089400000|  0%| F|  |TAMS 0x0000000089300000, 0x0000000089300000| Untracked 
| 122|0x0000000089400000, 0x0000000089400000, 0x0000000089500000|  0%| F|  |TAMS 0x0000000089400000, 0x0000000089400000| Untracked 
| 123|0x0000000089500000, 0x00000000895d99f8, 0x0000000089600000| 85%| E|  |TAMS 0x0000000089500000, 0x0000000089500000| Complete 
| 124|0x0000000089600000, 0x0000000089700000, 0x0000000089700000|100%| E|CS|TAMS 0x0000000089600000, 0x0000000089600000| Complete 
| 125|0x0000000089700000, 0x0000000089800000, 0x0000000089800000|100%| E|CS|TAMS 0x0000000089700000, 0x0000000089700000| Complete 
| 126|0x0000000089800000, 0x0000000089900000, 0x0000000089900000|100%| E|CS|TAMS 0x0000000089800000, 0x0000000089800000| Complete 
| 127|0x0000000089900000, 0x0000000089a00000, 0x0000000089a00000|100%| E|CS|TAMS 0x0000000089900000, 0x0000000089900000| Complete 

Card table byte_map: [0x0000010c1b010000,0x0000010c1b410000] _byte_map_base: 0x0000010c1ac03000

Marking Bits (Prev, Next): (CMBitMap*) 0x0000010c043da400, (CMBitMap*) 0x0000010c043da440
 Prev Bits: [0x0000010c1b810000, 0x0000010c1d7a8000)
 Next Bits: [0x0000010c1d7b0000, 0x0000010c1f748000)

Polling page: 0x0000010c022c0000

Metaspace:

Usage:
  Non-class:      1.79 MB used.
      Class:    178.60 KB used.
       Both:      1.96 MB used.

Virtual space:
  Non-class space:        8.00 MB reserved,       1.88 MB ( 23%) committed,  1 nodes.
      Class space:        1.00 GB reserved,     256.00 KB ( <1%) committed,  1 nodes.
             Both:        1.01 GB reserved,       2.12 MB ( <1%) committed. 

Chunk freelists:
   Non-Class:  3.20 MB
       Class:  3.64 MB
        Both:  6.84 MB

MaxMetaspaceSize: unlimited
CompressedClassSpaceSize: 1.00 GB
Initial GC threshold: 21.00 MB
Current GC threshold: 21.00 MB
CDS: on
MetaspaceReclaimPolicy: balanced
 - commit_granule_bytes: 65536.
 - commit_granule_words: 8192.
 - virtual_space_node_default_size: 1048576.
 - enlarge_chunks_in_place: 1.
 - new_chunks_are_fully_committed: 0.
 - uncommit_free_chunks: 1.
 - use_allocation_guard: 0.
 - handle_deallocations: 1.


Internal statistics:

num_allocs_failed_limit: 0.
num_arena_births: 36.
num_arena_deaths: 0.
num_vsnodes_births: 2.
num_vsnodes_deaths: 0.
num_space_committed: 34.
num_space_uncommitted: 0.
num_chunks_returned_to_freelist: 0.
num_chunks_taken_from_freelist: 88.
num_chunk_merges: 0.
num_chunk_splits: 53.
num_chunks_enlarged: 35.
num_purges: 0.
num_inconsistent_stats: 0.

CodeHeap 'non-profiled nmethods': size=120000Kb used=113Kb max_used=113Kb free=119886Kb
 bounds [0x0000010c136e0000, 0x0000010c13950000, 0x0000010c1ac10000]
CodeHeap 'profiled nmethods': size=120000Kb used=482Kb max_used=482Kb free=119518Kb
 bounds [0x0000010c0bc10000, 0x0000010c0be80000, 0x0000010c13140000]
CodeHeap 'non-nmethods': size=5760Kb used=1138Kb max_used=1150Kb free=4621Kb
 bounds [0x0000010c13140000, 0x0000010c133b0000, 0x0000010c136e0000]
 total_blobs=802 nmethods=376 adapters=339
 compilation: enabled
              stopped_count=0, restarted_count=0
 full_count=0

Compilation events (20 events):
Event: 3.873 Thread 0x0000010c21bfc640 nmethod 354 0x0000010c0bc7f310 code [0x0000010c0bc7f4e0, 0x0000010c0bc7f7d8]
Event: 3.873 Thread 0x0000010c21bfc640  355       3       jdk.internal.jimage.BasicImageReader::verifyLocation (39 bytes)
Event: 3.873 Thread 0x0000010c21bfc640 nmethod 355 0x0000010c0bc7f910 code [0x0000010c0bc7fae0, 0x0000010c0bc7fda8]
Event: 3.876 Thread 0x0000010c21bfc640  356       3       jdk.internal.jimage.ImageStringsReader::stringFromByteBufferMatches (138 bytes)
Event: 3.878 Thread 0x0000010c21bfc640 nmethod 356 0x0000010c0bc7ff10 code [0x0000010c0bc80200, 0x0000010c0bc81388]
Event: 3.878 Thread 0x0000010c21bfc640  357       1       java.net.URL::getAuthority (5 bytes)
Event: 3.878 Thread 0x0000010c21bfc640 nmethod 357 0x0000010c136fa810 code [0x0000010c136fa9a0, 0x0000010c136faa78]
Event: 3.878 Thread 0x0000010c21bfc640  358       1       java.net.URL::getPath (5 bytes)
Event: 3.878 Thread 0x0000010c21bfc640 nmethod 358 0x0000010c136fab10 code [0x0000010c136faca0, 0x0000010c136fad78]
Event: 3.878 Thread 0x0000010c21bfc640  359       1       java.net.URL::getQuery (5 bytes)
Event: 3.878 Thread 0x0000010c21bfc640 nmethod 359 0x0000010c136fae10 code [0x0000010c136fafa0, 0x0000010c136fb078]
Event: 3.879 Thread 0x0000010c21bfc640  360       3       jdk.internal.jimage.ImageStringsReader::match (11 bytes)
Event: 3.879 Thread 0x0000010c21bfc640 nmethod 360 0x0000010c0bc81b10 code [0x0000010c0bc81cc0, 0x0000010c0bc81e88]
Event: 3.880 Thread 0x0000010c21bfc640  361       3       java.util.concurrent.ConcurrentHashMap$ValueIterator::next (34 bytes)
Event: 3.880 Thread 0x0000010c21bfc640 nmethod 361 0x0000010c0bc81f90 code [0x0000010c0bc82140, 0x0000010c0bc82398]
Event: 3.881 Thread 0x0000010c21bfc640  362       3       jdk.internal.loader.BuiltinClassLoader::moduleReaderFor (45 bytes)
Event: 3.881 Thread 0x0000010c21bfc640 nmethod 362 0x0000010c0bc82490 code [0x0000010c0bc82680, 0x0000010c0bc82d78]
Event: 3.882 Thread 0x0000010c21bfc640  363       3       jdk.internal.jimage.ImageStringsReader::hashCode (8 bytes)
Event: 3.882 Thread 0x0000010c21bfc640 nmethod 363 0x0000010c0bc82f10 code [0x0000010c0bc830c0, 0x0000010c0bc83278]
Event: 3.882 Thread 0x0000010c21bfc640  364       3       jdk.internal.jimage.ImageLocation::verifyName (161 bytes)

GC Heap History (0 events):
No events

Deoptimization events (0 events):
No events

Classes unloaded (0 events):
No events

Classes redefined (0 events):
No events

Internal exceptions (2 events):
Event: 3.831 Thread 0x0000010c0437b330 Exception <a 'java/lang/NoSuchMethodError'{0x000000008963edd8}: 'java.lang.Object java.lang.invoke.DirectMethodHandle$Holder.invokeStaticInit(java.lang.Object)'> (0x000000008963edd8) 
thrown [s\open\src\hotspot\share\interpreter\linkResolver.cpp, line 759]
Event: 3.832 Thread 0x0000010c0437b330 Exception <a 'java/lang/NoSuchMethodError'{0x0000000089645290}: 'java.lang.Object java.lang.invoke.DirectMethodHandle$Holder.invokeInterface(java.lang.Object, java.lang.Object)'> (0x0000000089645290) 
thrown [s\open\src\hotspot\share\interpreter\linkResolver.cpp, line 759]

VM Operations (8 events):
Event: 1.033 Executing VM operation: Cleanup
Event: 1.033 Executing VM operation: Cleanup done
Event: 3.776 Executing VM operation: HandshakeAllThreads
Event: 3.776 Executing VM operation: HandshakeAllThreads done
Event: 3.776 Executing VM operation: Cleanup
Event: 3.776 Executing VM operation: Cleanup done
Event: 3.793 Executing VM operation: HandshakeAllThreads
Event: 3.793 Executing VM operation: HandshakeAllThreads done

Events (20 events):
Event: 3.836 loading class java/util/stream/Nodes$SpinedNodeBuilder done
Event: 3.838 loading class java/util/ResourceBundle$CacheKey
Event: 3.838 loading class java/util/ResourceBundle$CacheKey done
Event: 3.838 loading class java/util/ResourceBundle$KeyElementReference
Event: 3.838 loading class java/util/ResourceBundle$CacheKeyReference
Event: 3.838 loading class java/util/ResourceBundle$CacheKeyReference done
Event: 3.838 loading class java/util/ResourceBundle$KeyElementReference done
Event: 3.839 loading class java/util/zip/ZipFile$ZipEntryIterator
Event: 3.839 loading class java/util/zip/ZipFile$ZipEntryIterator done
Event: 3.839 loading class java/util/ResourceBundle$Control$2
Event: 3.839 loading class java/util/ResourceBundle$Control$2 done
Event: 3.842 loading class java/util/PropertyResourceBundle
Event: 3.842 loading class java/util/PropertyResourceBundle done
Event: 3.843 loading class sun/util/PropertyResourceBundleCharset
Event: 3.843 loading class sun/util/PropertyResourceBundleCharset done
Event: 3.843 loading class sun/util/PropertyResourceBundleCharset$PropertiesFileDecoder
Event: 3.843 loading class sun/util/PropertyResourceBundleCharset$PropertiesFileDecoder done
Event: 3.862 Thread 0x0000010c229e3ef0 Thread added: 0x0000010c229e3ef0
Event: 3.871 loading class java/util/ResourceBundle$BundleReference
Event: 3.871 loading class java/util/ResourceBundle$BundleReference done


Dynamic libraries:
0x00007ff6e8dc0000 - 0x00007ff6e8dd0000 	C:\Program Files\Java\jdk-17\bin\javaw.exe
0x00007ff8f1b50000 - 0x00007ff8f1d48000 	C:\Windows\SYSTEM32\ntdll.dll
0x00007ff8f04c0000 - 0x00007ff8f057f000 	C:\Windows\System32\KERNEL32.DLL
0x00007ff8ef720000 - 0x00007ff8efa16000 	C:\Windows\System32\KERNELBASE.dll
0x00007ff8ef3a0000 - 0x00007ff8ef4a0000 	C:\Windows\System32\ucrtbase.dll
0x00007ff8d61c0000 - 0x00007ff8d61d9000 	C:\Program Files\Java\jdk-17\bin\jli.dll
0x00007ff8d5d50000 - 0x00007ff8d5d6b000 	C:\Program Files\Java\jdk-17\bin\VCRUNTIME140.dll
0x00007ff8efbb0000 - 0x00007ff8efc5f000 	C:\Windows\System32\ADVAPI32.dll
0x00007ff8f1750000 - 0x00007ff8f17ee000 	C:\Windows\System32\msvcrt.dll
0x00007ff8f1090000 - 0x00007ff8f112c000 	C:\Windows\System32\sechost.dll
0x00007ff8f02f0000 - 0x00007ff8f0416000 	C:\Windows\System32\RPCRT4.dll
0x00007ff8f15b0000 - 0x00007ff8f174d000 	C:\Windows\System32\USER32.dll
0x00007ff8ef6f0000 - 0x00007ff8ef712000 	C:\Windows\System32\win32u.dll
0x00007ff8f1360000 - 0x00007ff8f138c000 	C:\Windows\System32\GDI32.dll
0x00007ff8ef5d0000 - 0x00007ff8ef6e5000 	C:\Windows\System32\gdi32full.dll
0x00007ff8df220000 - 0x00007ff8df4ba000 	C:\Windows\WinSxS\amd64_microsoft.windows.common-controls_6595b64144ccf1df_6.0.19041.1110_none_60b5254171f9507e\COMCTL32.dll
0x00007ff8ef530000 - 0x00007ff8ef5cd000 	C:\Windows\System32\msvcp_win.dll
0x00007ff8e58f0000 - 0x00007ff8e58fa000 	C:\Windows\SYSTEM32\VERSION.dll
0x00007ff8f0490000 - 0x00007ff8f04c0000 	C:\Windows\System32\IMM32.DLL
0x00007ff8e56d0000 - 0x00007ff8e56dc000 	C:\Program Files\Java\jdk-17\bin\vcruntime140_1.dll
0x00007ff8c4c20000 - 0x00007ff8c4cae000 	C:\Program Files\Java\jdk-17\bin\msvcp140.dll
0x00007ff8bab70000 - 0x00007ff8bb74d000 	C:\Program Files\Java\jdk-17\bin\server\jvm.dll
0x00007ff8efe70000 - 0x00007ff8efe78000 	C:\Windows\System32\PSAPI.DLL
0x00007ff8dfc80000 - 0x00007ff8dfca7000 	C:\Windows\SYSTEM32\WINMM.dll
0x00007ff8d6050000 - 0x00007ff8d6059000 	C:\Windows\SYSTEM32\WSOCK32.dll
0x00007ff8f1540000 - 0x00007ff8f15ab000 	C:\Windows\System32\WS2_32.dll
0x00007ff8eda60000 - 0x00007ff8eda72000 	C:\Windows\SYSTEM32\kernel.appcore.dll
0x00007ff8ea440000 - 0x00007ff8ea44a000 	C:\Program Files\Java\jdk-17\bin\jimage.dll
0x00007ff8ecfc0000 - 0x00007ff8ed1a4000 	C:\Windows\SYSTEM32\DBGHELP.DLL
0x00007ff8e6bf0000 - 0x00007ff8e6c24000 	C:\Windows\SYSTEM32\dbgcore.DLL
0x00007ff8ef4a0000 - 0x00007ff8ef522000 	C:\Windows\System32\bcryptPrimitives.dll
0x00007ff8c1060000 - 0x00007ff8c1085000 	C:\Program Files\Java\jdk-17\bin\java.dll
0x00007ff8bdd60000 - 0x00007ff8bde37000 	C:\Program Files\Java\jdk-17\bin\jsvml.dll
0x00007ff8f08e0000 - 0x00007ff8f1024000 	C:\Windows\System32\SHELL32.dll
0x00007ff8ed2b0000 - 0x00007ff8eda43000 	C:\Windows\SYSTEM32\windows.storage.dll
0x00007ff8f0580000 - 0x00007ff8f08d4000 	C:\Windows\System32\combase.dll
0x00007ff8eec70000 - 0x00007ff8eec9e000 	C:\Windows\SYSTEM32\Wldp.dll
0x00007ff8f17f0000 - 0x00007ff8f189d000 	C:\Windows\System32\SHCORE.dll
0x00007ff8f1030000 - 0x00007ff8f1085000 	C:\Windows\System32\shlwapi.dll
0x00007ff8ef160000 - 0x00007ff8ef185000 	C:\Windows\SYSTEM32\profapi.dll
0x00007ff8e84a0000 - 0x00007ff8e84b9000 	C:\Program Files\Java\jdk-17\bin\net.dll
0x00007ff8dff20000 - 0x00007ff8e002a000 	C:\Windows\SYSTEM32\WINHTTP.dll
0x00007ff8ee9d0000 - 0x00007ff8eea3a000 	C:\Windows\system32\mswsock.dll
0x00007ff8e71c0000 - 0x00007ff8e71d6000 	C:\Program Files\Java\jdk-17\bin\nio.dll
0x00007ff8e70f0000 - 0x00007ff8e7108000 	C:\Program Files\Java\jdk-17\bin\zip.dll

dbghelp: loaded successfully - version: 4.0.5 - missing functions: none
symbol engine: initialized successfully - sym options: 0x614 - pdb path: .;C:\Program Files\Java\jdk-17\bin;C:\Windows\SYSTEM32;C:\Windows\WinSxS\amd64_microsoft.windows.common-controls_6595b64144ccf1df_6.0.19041.1110_none_60b5254171f9507e;C:\Program Files\Java\jdk-17\bin\server

VM Arguments:
jvm_args: -Dfile.encoding=UTF-8 -XX:+ShowCodeDetailsInExceptionMessages 
java_command: biblio.Biblio
java_class_path (initial): C:\Users\user\eclipse-workspace\BibliothequeJavaSASYouCode\bin;C:\Users\user\Documents\JDBCPilote\mysql-connector-j-8.1.0\mysql-connector-j-8.1.0.jar;C:\Users\user\Documents\sha512\commons-codec-1.16.0-src.zip
Launcher Type: SUN_STANDARD

[Global flags]
     intx CICompilerCount                          = 3                                         {product} {ergonomic}
     uint ConcGCThreads                            = 1                                         {product} {ergonomic}
     uint G1ConcRefinementThreads                  = 4                                         {product} {ergonomic}
   size_t G1HeapRegionSize                         = 1048576                                   {product} {ergonomic}
    uintx GCDrainStackTargetSize                   = 64                                        {product} {ergonomic}
   size_t InitialHeapSize                          = 134217728                                 {product} {ergonomic}
   size_t MarkStackSize                            = 4194304                                   {product} {ergonomic}
   size_t MaxHeapSize                              = 2120220672                                {product} {ergonomic}
   size_t MaxNewSize                               = 1271922688                                {product} {ergonomic}
   size_t MinHeapDeltaBytes                        = 1048576                                   {product} {ergonomic}
   size_t MinHeapSize                              = 8388608                                   {product} {ergonomic}
    uintx NonNMethodCodeHeapSize                   = 5832780                                {pd product} {ergonomic}
    uintx NonProfiledCodeHeapSize                  = 122912730                              {pd product} {ergonomic}
    uintx ProfiledCodeHeapSize                     = 122912730                              {pd product} {ergonomic}
    uintx ReservedCodeCacheSize                    = 251658240                              {pd product} {ergonomic}
     bool SegmentedCodeCache                       = true                                      {product} {ergonomic}
     bool ShowCodeDetailsInExceptionMessages       = true                                   {manageable} {command line}
   size_t SoftMaxHeapSize                          = 2120220672                             {manageable} {ergonomic}
     bool UseCompressedClassPointers               = true                           {product lp64_product} {ergonomic}
     bool UseCompressedOops                        = true                           {product lp64_product} {ergonomic}
     bool UseG1GC                                  = true                                      {product} {ergonomic}
     bool UseLargePagesIndividualAllocation        = false                                  {pd product} {ergonomic}

Logging:
Log output configuration:
 #0: stdout all=warning uptime,level,tags
 #1: stderr all=off uptime,level,tags

Environment Variables:
JAVA_HOME=C:\Program Files\Java\jdk-11\bin
PATH=C:/Program Files/Java/jdk-17/bin/server;C:/Program Files/Java/jdk-17/bin;C:\Program Files\Common Files\Oracle\Java\javapath;C:\Windows\system32;C:\Windows;C:\Windows\System32\Wbem;C:\Windows\System32\WindowsPowerShell\v1.0\;C:\Windows\System32\OpenSSH\;C:\Program Files\Git\cmd;C:\Program Files\nodejs\;C:\Program Files\MySQL\MySQL Shell 8.0\bin\;C:\Users\user\AppData\Local\Microsoft\WindowsApps;;C:\Users\user\AppData\Local\Programs\Microsoft VS Code\bin;C:\Users\user\AppData\Roaming\npm;C:\xampp\php;C:\Users\user\AppData\Local\ComposerSetup\bin;C:\Users\user\AppData\Roaming\Composer\vendor\bin;C:\Windows\system32;
USERNAME=user
OS=Windows_NT
PROCESSOR_IDENTIFIER=Intel64 Family 6 Model 78 Stepping 3, GenuineIntel



---------------  S Y S T E M  ---------------

OS:
 Windows 10 , 64 bit Build 19041 (10.0.19041.3155)
OS uptime: 6 days 6:42 hours

CPU: total 4 (initial active 4) (2 cores per cpu, 2 threads per core) family 6 model 78 stepping 3 microcode 0xf0, cx8, cmov, fxsr, ht, mmx, 3dnowpref, sse, sse2, sse3, ssse3, sse4.1, sse4.2, popcnt, lzcnt, tsc, tscinvbit, avx, avx2, aes, erms, clmul, bmi1, bmi2, rtm, adx, fma, vzeroupper, clflush, clflushopt

Memory: 4k page, system-wide physical 8083M (703M free)
TotalPageFile size 32659M (AvailPageFile size 0M)
current process WorkingSet (physical memory assigned to process): 43M, peak: 43M
current process commit charge ("private bytes"): 208M, peak: 208M

vm_info: Java HotSpot(TM) 64-Bit Server VM (17.0.7+8-LTS-224) for windows-amd64 JRE (17.0.7+8-LTS-224), built on Feb 28 2023 23:03:02 by "mach5one" with MS VC++ 17.1 (VS2022)

END.
